[2023-11-29 14:48:04,079: INFO: main: Welcome to custom log:]
[2023-11-29 18:04:31,583: INFO: common: yaml file: config/config.yaml loaded successfully]
[2023-11-29 18:04:49,643: INFO: common: yaml file: config/config.yaml loaded successfully]
[2023-11-29 18:04:49,643: INFO: common: yaml file: params.yaml loaded successfully]
[2023-11-29 18:04:49,644: INFO: common: created directory at: artifacts]
[2023-11-29 18:05:18,229: INFO: common: yaml file: config/config.yaml loaded successfully]
[2023-11-29 18:05:18,230: INFO: common: yaml file: params.yaml loaded successfully]
[2023-11-29 18:05:18,230: INFO: common: created directory at: artifacts]
[2023-11-29 18:05:18,231: INFO: common: created directory at: artifacts/data_ingestion]
[2023-11-29 18:05:18,231: INFO: 2043042325: Downloading data from https://drive.google.com/file/d/1BS89NpD-yIMtX9j9tR416lPcDm6jtQqK/view?usp=drive_link into file artifacts/data_ingestion/data.zip]
[2023-11-29 18:05:27,848: INFO: 2043042325: Downloaded data from https://drive.google.com/file/d/1BS89NpD-yIMtX9j9tR416lPcDm6jtQqK/view?usp=drive_link into fileartifacts/data_ingestion/data.zip]
[2023-11-30 14:02:46,052: INFO: main: >>>>>> Stage Data Ingestion stage started <<<<<<]
[2023-11-30 14:02:46,052: INFO: common: yaml file: config/config.yaml loaded successfully]
[2023-11-30 14:02:46,052: INFO: common: yaml file: params.yaml loaded successfully]
[2023-11-30 14:02:46,052: INFO: common: created directory at: artifacts]
[2023-11-30 14:02:46,052: INFO: common: created directory at: artifacts/data_ingestion]
[2023-11-30 14:02:46,052: INFO: data_ingestion: Downloading data from https://drive.google.com/file/d/1BS89NpD-yIMtX9j9tR416lPcDm6jtQqK/view?usp=drive_link into file artifacts/data_ingestion/data.zip]
[2023-11-30 14:02:56,086: INFO: data_ingestion: Downloaded data from https://drive.google.com/file/d/1BS89NpD-yIMtX9j9tR416lPcDm6jtQqK/view?usp=drive_link into fileartifacts/data_ingestion/data.zip]
[2023-11-30 14:02:59,575: INFO: main: >>>>>> Stage Data Ingestion stage completed <<<<<<

x==========x]
[2023-11-30 14:09:20,578: INFO: main: >>>>>> Stage Data Ingestion stage started <<<<<<]
[2023-11-30 14:09:20,579: INFO: common: yaml file: config/config.yaml loaded successfully]
[2023-11-30 14:09:20,579: INFO: common: yaml file: params.yaml loaded successfully]
[2023-11-30 14:09:20,579: INFO: common: created directory at: artifacts]
[2023-11-30 14:09:20,579: INFO: common: created directory at: artifacts/data_ingestion]
[2023-11-30 14:09:20,579: INFO: data_ingestion: Downloading data from https://drive.google.com/file/d/1BS89NpD-yIMtX9j9tR416lPcDm6jtQqK/view?usp=drive_link into file artifacts/data_ingestion/data.zip]
[2023-11-30 14:09:30,106: INFO: data_ingestion: Downloaded data from https://drive.google.com/file/d/1BS89NpD-yIMtX9j9tR416lPcDm6jtQqK/view?usp=drive_link into fileartifacts/data_ingestion/data.zip]
[2023-11-30 14:09:33,626: INFO: main: >>>>>> Stage Data Ingestion stage completed <<<<<<

x==========x]
[2023-12-04 15:20:44,344: INFO: common: yaml file: config/config.yaml loaded successfully]
[2023-12-04 15:20:44,346: INFO: common: yaml file: params.yaml loaded successfully]
[2023-12-04 15:20:44,346: INFO: common: created directory at: artifacts]
[2023-12-04 15:20:44,346: INFO: common: created directory at: artifacts/prepare_base_model]
[2023-12-04 15:22:46,636: INFO: common: yaml file: config/config.yaml loaded successfully]
[2023-12-04 15:22:46,637: INFO: common: yaml file: params.yaml loaded successfully]
[2023-12-04 15:22:46,638: INFO: common: created directory at: artifacts]
[2023-12-04 15:22:46,638: INFO: common: created directory at: artifacts/prepare_base_model]
[2023-12-04 15:23:13,567: INFO: common: yaml file: config/config.yaml loaded successfully]
[2023-12-04 15:23:13,569: INFO: common: yaml file: params.yaml loaded successfully]
[2023-12-04 15:23:13,569: INFO: common: created directory at: artifacts]
[2023-12-04 15:23:13,570: INFO: common: created directory at: artifacts/prepare_base_model]
[2023-12-04 15:23:19,592: INFO: common: yaml file: config/config.yaml loaded successfully]
[2023-12-04 15:23:19,594: INFO: common: yaml file: params.yaml loaded successfully]
[2023-12-04 15:23:19,594: INFO: common: created directory at: artifacts]
[2023-12-04 15:23:19,594: INFO: common: created directory at: artifacts/prepare_base_model]
[2023-12-04 15:27:13,066: INFO: common: yaml file: config/config.yaml loaded successfully]
[2023-12-04 15:27:13,067: INFO: common: yaml file: params.yaml loaded successfully]
[2023-12-04 15:27:13,067: INFO: common: created directory at: artifacts]
[2023-12-04 15:27:13,068: INFO: common: created directory at: artifacts/prepare_base_model]
[2023-12-04 15:27:14,188: WARNING: saving_utils: Compiled the loaded model, but the compiled metrics have yet to be built. `model.compile_metrics` will be empty until you train or evaluate the model.]
[2023-12-04 15:30:12,875: INFO: common: yaml file: config/config.yaml loaded successfully]
[2023-12-04 15:30:12,876: INFO: common: yaml file: params.yaml loaded successfully]
[2023-12-04 15:30:12,877: INFO: common: created directory at: artifacts]
[2023-12-04 15:30:12,878: INFO: common: created directory at: artifacts/prepare_base_model]
[2023-12-04 15:30:13,075: WARNING: saving_utils: Compiled the loaded model, but the compiled metrics have yet to be built. `model.compile_metrics` will be empty until you train or evaluate the model.]
[2023-12-04 15:30:31,857: INFO: common: yaml file: config/config.yaml loaded successfully]
[2023-12-04 15:30:31,859: INFO: common: yaml file: params.yaml loaded successfully]
[2023-12-04 15:30:31,859: INFO: common: created directory at: artifacts]
[2023-12-04 15:30:31,859: INFO: common: created directory at: artifacts/prepare_base_model]
[2023-12-04 15:30:32,030: WARNING: saving_utils: Compiled the loaded model, but the compiled metrics have yet to be built. `model.compile_metrics` will be empty until you train or evaluate the model.]
[2023-12-04 15:33:38,343: INFO: common: yaml file: config/config.yaml loaded successfully]
[2023-12-04 15:33:38,344: INFO: common: yaml file: params.yaml loaded successfully]
[2023-12-04 15:33:38,344: INFO: common: created directory at: artifacts]
[2023-12-04 15:33:38,345: INFO: common: created directory at: artifacts/prepare_base_model]
[2023-12-04 15:34:04,363: INFO: common: yaml file: config/config.yaml loaded successfully]
[2023-12-04 15:34:04,364: INFO: common: yaml file: params.yaml loaded successfully]
[2023-12-04 15:34:04,365: INFO: common: created directory at: artifacts]
[2023-12-04 15:34:04,365: INFO: common: created directory at: artifacts/prepare_base_model]
[2023-12-04 15:34:04,580: WARNING: saving_utils: Compiled the loaded model, but the compiled metrics have yet to be built. `model.compile_metrics` will be empty until you train or evaluate the model.]
[2023-12-04 16:04:56,490: INFO: main: >>>>>> Stage Prepare base model started <<<<<<]
[2023-12-04 16:04:56,491: INFO: common: yaml file: config/config.yaml loaded successfully]
[2023-12-04 16:04:56,491: INFO: common: yaml file: params.yaml loaded successfully]
[2023-12-04 16:04:56,491: INFO: common: created directory at: artifacts]
[2023-12-04 16:04:56,491: INFO: common: created directory at: artifacts/data_ingestion]
[2023-12-04 16:04:56,491: INFO: data_ingestion: Downloading data from https://drive.google.com/file/d/1BS89NpD-yIMtX9j9tR416lPcDm6jtQqK/view?usp=drive_link into file artifacts/data_ingestion/data.zip]
[2023-12-04 16:05:13,349: INFO: data_ingestion: Downloaded data from https://drive.google.com/file/d/1BS89NpD-yIMtX9j9tR416lPcDm6jtQqK/view?usp=drive_link into fileartifacts/data_ingestion/data.zip]
[2023-12-04 16:05:17,076: INFO: main: >>>>>> Stage Prepare base model completed <<<<<<

x==========x]
[2023-12-04 16:05:17,076: INFO: main: ********************]
[2023-12-04 16:05:17,076: INFO: main: >>>>> Stage Data Ingestion stage started <<<<<]
[2023-12-04 16:05:17,077: INFO: common: yaml file: config/config.yaml loaded successfully]
[2023-12-04 16:05:17,077: INFO: common: yaml file: params.yaml loaded successfully]
[2023-12-04 16:05:17,077: INFO: common: created directory at: artifacts]
[2023-12-04 16:05:17,077: INFO: common: created directory at: artifacts/prepare_base_model]
[2023-12-04 16:05:17,263: WARNING: saving_utils: Compiled the loaded model, but the compiled metrics have yet to be built. `model.compile_metrics` will be empty until you train or evaluate the model.]
[2023-12-04 16:05:17,430: INFO: main: >>>>>> Stage Data Ingestion stage completed <<<<<<

x==========x]
[2023-12-05 18:05:19,043: INFO: common: yaml file: config/config.yaml loaded successfully]
[2023-12-05 18:05:19,045: INFO: common: yaml file: params.yaml loaded successfully]
[2023-12-05 18:05:19,046: INFO: common: created directory at: artifacts]
[2023-12-05 18:10:48,343: INFO: common: yaml file: config/config.yaml loaded successfully]
[2023-12-05 18:10:48,345: INFO: common: yaml file: params.yaml loaded successfully]
[2023-12-05 18:10:48,345: INFO: common: created directory at: artifacts]
[2023-12-05 18:10:48,346: INFO: common: created directory at: artifacts/training]
[2023-12-05 18:13:42,014: INFO: common: yaml file: config/config.yaml loaded successfully]
[2023-12-05 18:13:42,015: INFO: common: yaml file: params.yaml loaded successfully]
[2023-12-05 18:13:42,016: INFO: common: created directory at: artifacts]
[2023-12-05 18:13:42,016: INFO: common: created directory at: artifacts/training]
[2023-12-05 18:26:43,464: INFO: common: yaml file: config/config.yaml loaded successfully]
[2023-12-05 18:26:43,465: INFO: common: yaml file: params.yaml loaded successfully]
[2023-12-05 18:26:43,466: INFO: common: created directory at: artifacts]
[2023-12-05 18:26:43,466: INFO: common: created directory at: artifacts/training]
[2023-12-05 18:26:49,847: INFO: common: yaml file: config/config.yaml loaded successfully]
[2023-12-05 18:26:49,848: INFO: common: yaml file: params.yaml loaded successfully]
[2023-12-05 18:26:49,848: INFO: common: created directory at: artifacts]
[2023-12-05 18:26:49,848: INFO: common: created directory at: artifacts/training]
[2023-12-05 18:44:11,176: INFO: main: >>>>>> Stage Data Ingestion stage started <<<<<<]
[2023-12-05 18:44:11,176: INFO: common: yaml file: config/config.yaml loaded successfully]
[2023-12-05 18:44:11,177: INFO: common: yaml file: params.yaml loaded successfully]
[2023-12-05 18:44:11,177: INFO: common: created directory at: artifacts]
[2023-12-05 18:44:11,177: INFO: common: created directory at: artifacts/data_ingestion]
[2023-12-05 18:44:11,177: INFO: data_ingestion: Downloading data from https://drive.google.com/file/d/1BS89NpD-yIMtX9j9tR416lPcDm6jtQqK/view?usp=drive_link into file artifacts/data_ingestion/data.zip]
[2023-12-05 18:44:24,772: INFO: data_ingestion: Downloaded data from https://drive.google.com/file/d/1BS89NpD-yIMtX9j9tR416lPcDm6jtQqK/view?usp=drive_link into fileartifacts/data_ingestion/data.zip]
[2023-12-05 18:44:28,258: INFO: main: >>>>>> Stage Data Ingestion stage completed <<<<<<

x==========x]
[2023-12-05 18:44:28,258: INFO: main: ********************]
[2023-12-05 18:44:28,258: INFO: main: >>>>> Stage Prepare base model started <<<<<]
[2023-12-05 18:44:28,259: INFO: common: yaml file: config/config.yaml loaded successfully]
[2023-12-05 18:44:28,259: INFO: common: yaml file: params.yaml loaded successfully]
[2023-12-05 18:44:28,259: INFO: common: created directory at: artifacts]
[2023-12-05 18:44:28,259: INFO: common: created directory at: artifacts/prepare_base_model]
[2023-12-05 18:44:28,440: WARNING: saving_utils: Compiled the loaded model, but the compiled metrics have yet to be built. `model.compile_metrics` will be empty until you train or evaluate the model.]
[2023-12-05 18:44:28,656: INFO: main: >>>>>> Stage Prepare base model completed <<<<<<

x==========x]
[2023-12-05 18:44:44,394: INFO: common: yaml file: config/config.yaml loaded successfully]
[2023-12-05 18:44:44,395: INFO: common: yaml file: params.yaml loaded successfully]
[2023-12-05 18:44:44,395: INFO: common: created directory at: artifacts]
[2023-12-05 18:44:44,396: INFO: common: created directory at: artifacts/training]
[2023-12-06 12:47:12,868: INFO: common: yaml file: config/config.yaml loaded successfully]
[2023-12-06 12:47:12,870: INFO: common: yaml file: params.yaml loaded successfully]
[2023-12-06 12:47:12,870: INFO: common: created directory at: artifacts]
[2023-12-06 12:47:12,870: INFO: common: created directory at: artifacts/training]
[2023-12-06 12:48:07,165: INFO: common: yaml file: config/config.yaml loaded successfully]
[2023-12-06 12:48:07,166: INFO: common: yaml file: params.yaml loaded successfully]
[2023-12-06 12:48:07,167: INFO: common: created directory at: artifacts]
[2023-12-06 12:48:07,167: INFO: common: created directory at: artifacts/training]
[2023-12-06 12:48:13,494: INFO: common: yaml file: config/config.yaml loaded successfully]
[2023-12-06 12:48:13,495: INFO: common: yaml file: params.yaml loaded successfully]
[2023-12-06 12:48:13,496: INFO: common: created directory at: artifacts]
[2023-12-06 12:48:13,496: INFO: common: created directory at: artifacts/training]
[2023-12-06 12:52:49,077: INFO: common: yaml file: config/config.yaml loaded successfully]
[2023-12-06 12:52:49,079: INFO: common: yaml file: params.yaml loaded successfully]
[2023-12-06 12:52:49,079: INFO: common: created directory at: artifacts]
[2023-12-06 12:52:49,079: INFO: common: created directory at: artifacts/training]
[2023-12-06 12:53:13,225: INFO: common: yaml file: config/config.yaml loaded successfully]
[2023-12-06 12:53:13,226: INFO: common: yaml file: params.yaml loaded successfully]
[2023-12-06 12:53:13,226: INFO: common: created directory at: artifacts]
[2023-12-06 12:53:13,227: INFO: common: created directory at: artifacts/training]
[2023-12-06 12:53:42,416: INFO: common: yaml file: config/config.yaml loaded successfully]
[2023-12-06 12:53:42,417: INFO: common: yaml file: params.yaml loaded successfully]
[2023-12-06 12:53:42,417: INFO: common: created directory at: artifacts]
[2023-12-06 12:53:42,418: INFO: common: created directory at: artifacts/training]
[2023-12-06 12:58:05,661: INFO: common: yaml file: config/config.yaml loaded successfully]
[2023-12-06 12:58:05,662: INFO: common: yaml file: params.yaml loaded successfully]
[2023-12-06 12:58:05,663: INFO: common: created directory at: artifacts]
[2023-12-06 12:58:05,663: INFO: common: created directory at: artifacts/training]
[2023-12-06 13:17:07,797: INFO: main: >>>>>> Stage Data Ingestion stage started <<<<<<]
[2023-12-06 13:17:07,797: INFO: common: yaml file: config/config.yaml loaded successfully]
[2023-12-06 13:17:07,798: INFO: common: yaml file: params.yaml loaded successfully]
[2023-12-06 13:17:07,798: INFO: common: created directory at: artifacts]
[2023-12-06 13:17:07,798: INFO: common: created directory at: artifacts/data_ingestion]
[2023-12-06 13:17:07,798: INFO: data_ingestion: Downloading data from https://drive.google.com/file/d/1BS89NpD-yIMtX9j9tR416lPcDm6jtQqK/view?usp=drive_link into file artifacts/data_ingestion/data.zip]
[2023-12-06 13:17:23,142: INFO: data_ingestion: Downloaded data from https://drive.google.com/file/d/1BS89NpD-yIMtX9j9tR416lPcDm6jtQqK/view?usp=drive_link into fileartifacts/data_ingestion/data.zip]
[2023-12-06 13:17:26,950: INFO: main: >>>>>> Stage Data Ingestion stage completed <<<<<<

x==========x]
[2023-12-06 13:17:26,950: INFO: main: ********************]
[2023-12-06 13:17:26,950: INFO: main: >>>>> Stage Prepare base model started <<<<<]
[2023-12-06 13:17:26,951: INFO: common: yaml file: config/config.yaml loaded successfully]
[2023-12-06 13:17:26,951: INFO: common: yaml file: params.yaml loaded successfully]
[2023-12-06 13:17:26,951: INFO: common: created directory at: artifacts]
[2023-12-06 13:17:26,951: INFO: common: created directory at: artifacts/prepare_base_model]
[2023-12-06 13:17:27,139: WARNING: saving_utils: Compiled the loaded model, but the compiled metrics have yet to be built. `model.compile_metrics` will be empty until you train or evaluate the model.]
[2023-12-06 13:17:27,317: INFO: main: >>>>>> Stage Prepare base model completed <<<<<<

x==========x]
[2023-12-06 13:17:27,317: INFO: main: ********************]
[2023-12-06 13:17:27,317: INFO: main: >>>>> Stage Model training started <<<<<]
[2023-12-06 13:17:27,318: INFO: common: yaml file: config/config.yaml loaded successfully]
[2023-12-06 13:17:27,318: INFO: common: yaml file: params.yaml loaded successfully]
[2023-12-06 13:17:27,319: INFO: common: created directory at: artifacts]
[2023-12-06 13:17:27,319: INFO: common: created directory at: artifacts/training]
[2023-12-06 13:20:46,775: INFO: main: >>>>> Stage Model training completed <<<<<

x==========x]
